0 info it worked if it ends with ok
1 verbose cli [ '/Users/KadoTomohiro/.nvm/versions/node/v6.6.0/bin/node',
1 verbose cli   '/Users/KadoTomohiro/.nvm/versions/node/v6.6.0/lib/node_modules/npm/bin/npm-cli.js',
1 verbose cli   'run-script',
1 verbose cli   'ngc' ]
2 info using npm@3.10.7
3 info using node@v6.6.0
4 verbose run-script [ 'prengc', 'ngc', 'postngc' ]
5 info lifecycle web-midi-sample@1.0.0~prengc: web-midi-sample@1.0.0
6 silly lifecycle web-midi-sample@1.0.0~prengc: no script for prengc, continuing
7 info lifecycle web-midi-sample@1.0.0~ngc: web-midi-sample@1.0.0
8 verbose lifecycle web-midi-sample@1.0.0~ngc: unsafe-perm in lifecycle true
9 verbose lifecycle web-midi-sample@1.0.0~ngc: PATH: /Users/KadoTomohiro/.nvm/versions/node/v6.6.0/lib/node_modules/npm/bin/node-gyp-bin:/Users/KadoTomohiro/Develop/audio-midi/web-midi-sample/node_modules/.bin:/Users/KadoTomohiro/.dnx/runtimes/dnx-mono.1.0.0-rc1-update2/bin:/usr/local/bin:/usr/bin:/bin:/usr/sbin:/sbin:/Applications/Server.app/Contents/ServerRoot/usr/bin:/Applications/Server.app/Contents/ServerRoot/usr/sbin:/usr/local/share/dotnet:/Users/KadoTomohiro/.dnx/bin:/Users/KadoTomohiro/.nvm/versions/node/v6.6.0/bin:/usr/local/share/dotnet
10 verbose lifecycle web-midi-sample@1.0.0~ngc: CWD: /Users/KadoTomohiro/Develop/audio-midi/web-midi-sample
11 silly lifecycle web-midi-sample@1.0.0~ngc: Args: [ '-c', 'ngc -p ./tsconfig.aot.json' ]
12 silly lifecycle web-midi-sample@1.0.0~ngc: Returned: code: 1  signal: null
13 info lifecycle web-midi-sample@1.0.0~ngc: Failed to exec ngc script
14 verbose stack Error: web-midi-sample@1.0.0 ngc: `ngc -p ./tsconfig.aot.json`
14 verbose stack Exit status 1
14 verbose stack     at EventEmitter.<anonymous> (/Users/KadoTomohiro/.nvm/versions/node/v6.6.0/lib/node_modules/npm/lib/utils/lifecycle.js:255:16)
14 verbose stack     at emitTwo (events.js:106:13)
14 verbose stack     at EventEmitter.emit (events.js:191:7)
14 verbose stack     at ChildProcess.<anonymous> (/Users/KadoTomohiro/.nvm/versions/node/v6.6.0/lib/node_modules/npm/lib/utils/spawn.js:40:14)
14 verbose stack     at emitTwo (events.js:106:13)
14 verbose stack     at ChildProcess.emit (events.js:191:7)
14 verbose stack     at maybeClose (internal/child_process.js:877:16)
14 verbose stack     at Process.ChildProcess._handle.onexit (internal/child_process.js:226:5)
15 verbose pkgid web-midi-sample@1.0.0
16 verbose cwd /Users/KadoTomohiro/Develop/audio-midi/web-midi-sample
17 error Darwin 15.6.0
18 error argv "/Users/KadoTomohiro/.nvm/versions/node/v6.6.0/bin/node" "/Users/KadoTomohiro/.nvm/versions/node/v6.6.0/lib/node_modules/npm/bin/npm-cli.js" "run-script" "ngc"
19 error node v6.6.0
20 error npm  v3.10.7
21 error code ELIFECYCLE
22 error web-midi-sample@1.0.0 ngc: `ngc -p ./tsconfig.aot.json`
22 error Exit status 1
23 error Failed at the web-midi-sample@1.0.0 ngc script 'ngc -p ./tsconfig.aot.json'.
23 error Make sure you have the latest version of node.js and npm installed.
23 error If you do, this is most likely a problem with the web-midi-sample package,
23 error not with npm itself.
23 error Tell the author that this fails on your system:
23 error     ngc -p ./tsconfig.aot.json
23 error You can get information on how to open an issue for this project with:
23 error     npm bugs web-midi-sample
23 error Or if that isn't available, you can get their info via:
23 error     npm owner ls web-midi-sample
23 error There is likely additional logging output above.
24 verbose exit [ 1, true ]
